# JRE version: Java(TM) SE Runtime Environment (8.0_111-b14) (build 1.8.0_111-b14)
# Java VM: Java HotSpot(TM) 64-Bit Server VM (25.111-b14 mixed mode bsd-amd64 compressed oops)
Heap:
 PSYoungGen      total 1131008K, used 5093K [0x0000000740000000, 0x000000078d700000, 0x00000007c0000000)
  eden space 1125888K, 0% used [0x0000000740000000,0x0000000740000000,0x0000000784b80000)
  from space 5120K, 99% used [0x0000000784b80000,0x00000007850795b0,0x0000000785080000)
  to   space 65536K, 0% used [0x0000000789700000,0x0000000789700000,0x000000078d700000)
 ParOldGen       total 474112K, used 473304K [0x0000000640000000, 0x000000065cf00000, 0x0000000740000000)
  object space 474112K, 99% used [0x0000000640000000,0x000000065ce360c0,0x000000065cf00000)
 Metaspace       used 2967K, capacity 4664K, committed 4864K, reserved 1056768K
  class space    used 311K, capacity 424K, committed 512K, reserved 1048576K
GC Heap History (10 events):
Event: 354.008 GC heap after
Heap after GC invocations=128 (full 1):
 PSYoungGen      total 1127936K, used 4347K [0x0000000740000000, 0x0000000785400000, 0x00000007c0000000)
  eden space 1122816K, 0% used [0x0000000740000000,0x0000000740000000,0x0000000784880000)
  from space 5120K, 84% used [0x0000000784880000,0x0000000784cbecb0,0x0000000784d80000)
  to   space 5120K, 0% used [0x0000000784f00000,0x0000000784f00000,0x0000000785400000)
 ParOldGen       total 433664K, used 309069K [0x0000000640000000, 0x000000065a780000, 0x0000000740000000)
  object space 433664K, 71% used [0x0000000640000000,0x0000000652dd3410,0x000000065a780000)
 Metaspace       used 2967K, capacity 4664K, committed 4864K, reserved 1056768K
  class space    used 311K, capacity 424K, committed 512K, reserved 1048576K
}
Event: 357.412 GC heap before
{Heap before GC invocations=129 (full 1):
 PSYoungGen      total 1127936K, used 1127163K [0x0000000740000000, 0x0000000785400000, 0x00000007c0000000)
  eden space 1122816K, 100% used [0x0000000740000000,0x0000000784880000,0x0000000784880000)
  from space 5120K, 84% used [0x0000000784880000,0x0000000784cbecb0,0x0000000784d80000)
  to   space 5120K, 0% used [0x0000000784f00000,0x0000000784f00000,0x0000000785400000)
 ParOldGen       total 433664K, used 309069K [0x0000000640000000, 0x000000065a780000, 0x0000000740000000)
  object space 433664K, 71% used [0x0000000640000000,0x0000000652dd3410,0x000000065a780000)
 Metaspace       used 2967K, capacity 4664K, committed 4864K, reserved 1056768K
  class space    used 311K, capacity 424K, committed 512K, reserved 1048576K
Event: 357.419 GC heap after
Heap after GC invocations=129 (full 1):
 PSYoungGen      total 1129472K, used 4411K [0x0000000740000000, 0x0000000785400000, 0x00000007c0000000)
  eden space 1124352K, 0% used [0x0000000740000000,0x0000000740000000,0x0000000784a00000)
  from space 5120K, 86% used [0x0000000784f00000,0x000000078534ecb0,0x0000000785400000)
  to   space 5120K, 0% used [0x0000000784a00000,0x0000000784a00000,0x0000000784f00000)
 ParOldGen       total 433664K, used 309277K [0x0000000640000000, 0x000000065a780000, 0x0000000740000000)
  object space 433664K, 71% used [0x0000000640000000,0x0000000652e07410,0x000000065a780000)
 Metaspace       used 2967K, capacity 4664K, committed 4864K, reserved 1056768K
  class space    used 311K, capacity 424K, committed 512K, reserved 1048576K
}
Event: 360.838 GC heap before
{Heap before GC invocations=130 (full 1):
 PSYoungGen      total 1129472K, used 1128763K [0x0000000740000000, 0x0000000785400000, 0x00000007c0000000)
  eden space 1124352K, 100% used [0x0000000740000000,0x0000000784a00000,0x0000000784a00000)
  from space 5120K, 86% used [0x0000000784f00000,0x000000078534ecb0,0x0000000785400000)
  to   space 5120K, 0% used [0x0000000784a00000,0x0000000784a00000,0x0000000784f00000)
 ParOldGen       total 433664K, used 309277K [0x0000000640000000, 0x000000065a780000, 0x0000000740000000)
  object space 433664K, 71% used [0x0000000640000000,0x0000000652e07410,0x000000065a780000)
 Metaspace       used 2967K, capacity 4664K, committed 4864K, reserved 1056768K
  class space    used 311K, capacity 424K, committed 512K, reserved 1048576K
Event: 360.844 GC heap after
Heap after GC invocations=130 (full 1):
 PSYoungGen      total 1129472K, used 3967K [0x0000000740000000, 0x0000000785580000, 0x00000007c0000000)
  eden space 1124352K, 0% used [0x0000000740000000,0x0000000740000000,0x0000000784a00000)
  from space 5120K, 77% used [0x0000000784a00000,0x0000000784ddff38,0x0000000784f00000)
  to   space 5120K, 0% used [0x0000000785080000,0x0000000785080000,0x0000000785580000)
 ParOldGen       total 433664K, used 309493K [0x0000000640000000, 0x000000065a780000, 0x0000000740000000)
  object space 433664K, 71% used [0x0000000640000000,0x0000000652e3d410,0x000000065a780000)
 Metaspace       used 2967K, capacity 4664K, committed 4864K, reserved 1056768K
  class space    used 311K, capacity 424K, committed 512K, reserved 1048576K
}
Event: 364.290 GC heap before
{Heap before GC invocations=131 (full 1):
 PSYoungGen      total 1129472K, used 1128319K [0x0000000740000000, 0x0000000785580000, 0x00000007c0000000)
  eden space 1124352K, 100% used [0x0000000740000000,0x0000000784a00000,0x0000000784a00000)
  from space 5120K, 77% used [0x0000000784a00000,0x0000000784ddff38,0x0000000784f00000)
  to   space 5120K, 0% used [0x0000000785080000,0x0000000785080000,0x0000000785580000)
 ParOldGen       total 433664K, used 309493K [0x0000000640000000, 0x000000065a780000, 0x0000000740000000)
  object space 433664K, 71% used [0x0000000640000000,0x0000000652e3d410,0x000000065a780000)
 Metaspace       used 2967K, capacity 4664K, committed 4864K, reserved 1056768K
  class space    used 311K, capacity 424K, committed 512K, reserved 1048576K
Event: 364.297 GC heap after
Heap after GC invocations=131 (full 1):
 PSYoungGen      total 1131008K, used 4031K [0x0000000740000000, 0x0000000785580000, 0x00000007c0000000)
  eden space 1125888K, 0% used [0x0000000740000000,0x0000000740000000,0x0000000784b80000)
  from space 5120K, 78% used [0x0000000785080000,0x000000078546ff38,0x0000000785580000)
  to   space 5120K, 0% used [0x0000000784b80000,0x0000000784b80000,0x0000000785080000)
 ParOldGen       total 433664K, used 309693K [0x0000000640000000, 0x000000065a780000, 0x0000000740000000)
  object space 433664K, 71% used [0x0000000640000000,0x0000000652e6f410,0x000000065a780000)
 Metaspace       used 2967K, capacity 4664K, committed 4864K, reserved 1056768K
  class space    used 311K, capacity 424K, committed 512K, reserved 1048576K
}
Event: 366.202 GC heap before
{Heap before GC invocations=132 (full 1):
 PSYoungGen      total 1131008K, used 1129919K [0x0000000740000000, 0x0000000785580000, 0x00000007c0000000)
  eden space 1125888K, 100% used [0x0000000740000000,0x0000000784b80000,0x0000000784b80000)
  from space 5120K, 78% used [0x0000000785080000,0x000000078546ff38,0x0000000785580000)
  to   space 5120K, 0% used [0x0000000784b80000,0x0000000784b80000,0x0000000785080000)
 ParOldGen       total 433664K, used 309693K [0x0000000640000000, 0x000000065a780000, 0x0000000740000000)
  object space 433664K, 71% used [0x0000000640000000,0x0000000652e6f410,0x000000065a780000)
 Metaspace       used 2967K, capacity 4664K, committed 4864K, reserved 1056768K
  class space    used 311K, capacity 424K, committed 512K, reserved 1048576K
Event: 366.335 GC heap after
Heap after GC invocations=132 (full 1):
 PSYoungGen      total 1131008K, used 5093K [0x0000000740000000, 0x000000078d700000, 0x00000007c0000000)
  eden space 1125888K, 0% used [0x0000000740000000,0x0000000740000000,0x0000000784b80000)
  from space 5120K, 99% used [0x0000000784b80000,0x00000007850795b0,0x0000000785080000)
  to   space 65536K, 0% used [0x0000000789700000,0x0000000789700000,0x000000078d700000)
 ParOldGen       total 474112K, used 473304K [0x0000000640000000, 0x000000065cf00000, 0x0000000740000000)
  object space 474112K, 99% used [0x0000000640000000,0x000000065ce360c0,0x000000065cf00000)
 Metaspace       used 2967K, capacity 4664K, committed 4864K, reserved 1056768K
  class space    used 311K, capacity 424K, committed 512K, reserved 1048576K
}
Event: 366.335 GC heap before
{Heap before GC invocations=133 (full 2):
 PSYoungGen      total 1131008K, used 5093K [0x0000000740000000, 0x000000078d700000, 0x00000007c0000000)
  eden space 1125888K, 0% used [0x0000000740000000,0x0000000740000000,0x0000000784b80000)
  from space 5120K, 99% used [0x0000000784b80000,0x00000007850795b0,0x0000000785080000)
  to   space 65536K, 0% used [0x0000000789700000,0x0000000789700000,0x000000078d700000)
 ParOldGen       total 474112K, used 473304K [0x0000000640000000, 0x000000065cf00000, 0x0000000740000000)
  object space 474112K, 99% used [0x0000000640000000,0x000000065ce360c0,0x000000065cf00000)
 Metaspace       used 2967K, capacity 4664K, committed 4864K, reserved 1056768K
  class space    used 311K, capacity 424K, committed 512K, reserved 1048576K

